#
# There is insufficient memory for the Java Runtime Environment to continue.
# Native memory allocation (malloc) failed to allocate 1267536 bytes for Chunk::new
# Possible reasons:
#   The system is out of physical RAM or swap space
#   In 32 bit mode, the process size limit was hit
# Possible solutions:
#   Reduce memory load on the system
#   Increase physical memory or swap space
#   Check if swap backing store is full
#   Use 64 bit Java on a 64 bit OS
#   Decrease Java heap size (-Xmx/-Xms)
#   Decrease number of Java threads
#   Decrease Java thread stack sizes (-Xss)
#   Set larger code cache with -XX:ReservedCodeCacheSize=
# This output file may be truncated or incomplete.
#
#  Out of Memory Error (allocation.cpp:390), pid=14304, tid=0x0000000000003b58
#
# JRE version: OpenJDK Runtime Environment (8.0_152-b06) (build 1.8.0_152-release-1136-b06)
# Java VM: OpenJDK 64-Bit Server VM (25.152-b06 mixed mode windows-amd64 compressed oops)
# Failed to write core dump. Minidumps are not enabled by default on client versions of Windows
#

---------------  T H R E A D  ---------------

Current thread (0x000000001a00e000):  JavaThread "C2 CompilerThread1" daemon [_thread_in_native, id=15192, stack(0x000000001a6c0000,0x000000001a7c0000)]

Stack: [0x000000001a6c0000,0x000000001a7c0000]
[error occurred during error reporting (printing stack bounds), id 0xc0000005]

Native frames: (J=compiled Java code, j=interpreted, Vv=VM code, C=native code)


Current CompileTask:
C2:   6133 4841       4       java.lang.Class::privateGetMethodRecursive (130 bytes)


---------------  P R O C E S S  ---------------

Java Threads: ( => current thread )
  0x000000002198f800 JavaThread "Memory manager" [_thread_blocked, id=17996, stack(0x0000000022f10000,0x0000000023010000)]
  0x000000001e828000 JavaThread "pool-1-thread-1" [_thread_blocked, id=8480, stack(0x0000000022ba0000,0x0000000022ca0000)]
  0x000000001e825800 JavaThread "Build operations Thread 6" [_thread_blocked, id=18348, stack(0x00000000228a0000,0x00000000229a0000)]
  0x000000001e828800 JavaThread "Build operations Thread 5" [_thread_blocked, id=1028, stack(0x0000000022520000,0x0000000022620000)]
  0x000000001e827000 JavaThread "Build operations Thread 4" [_thread_blocked, id=18384, stack(0x0000000022420000,0x0000000022520000)]
  0x000000001e826800 JavaThread "Build operations Thread 3" [_thread_blocked, id=15644, stack(0x0000000022320000,0x0000000022420000)]
  0x000000001e82b000 JavaThread "Build operations Thread 2" [_thread_blocked, id=12028, stack(0x0000000022220000,0x0000000022320000)]
  0x000000001e825000 JavaThread "Build operations" [_thread_blocked, id=13728, stack(0x0000000020a70000,0x0000000020b70000)]
  0x000000001e829800 JavaThread "Cache worker for Artifact transforms cache (C:\Users\Administrator\.gradle\caches\transforms-1)" [_thread_blocked, id=1032, stack(0x000000001f700000,0x000000001f800000)]
  0x000000001d596000 JavaThread "Cache worker for file hash cache (E:\android\ALib\.gradle\4.6\fileHashes)" [_thread_blocked, id=17852, stack(0x000000001e430000,0x000000001e530000)]
  0x000000001bce0800 JavaThread "File lock request listener" [_thread_in_native, id=17912, stack(0x000000001d260000,0x000000001d360000)]
  0x000000001bd6c000 JavaThread "Cache worker for file hash cache (C:\Users\Administrator\.gradle\caches\4.6\fileHashes)" [_thread_blocked, id=1396, stack(0x000000001d160000,0x000000001d260000)]
  0x000000001bc95800 JavaThread "Stdin handler" [_thread_blocked, id=16640, stack(0x000000001ce60000,0x000000001cf60000)]
  0x000000001ba3b000 JavaThread "Asynchronous log dispatcher for DefaultDaemonConnection: socket connection from /127.0.0.1:56558 to /127.0.0.1:56559" [_thread_blocked, id=12732, stack(0x000000001cd60000,0x000000001ce60000)]
  0x000000001ba36000 JavaThread "Daemon worker" [_thread_in_native, id=7388, stack(0x000000001cc60000,0x000000001cd60000)]
  0x000000001bcac000 JavaThread "Cancel handler" [_thread_blocked, id=9780, stack(0x000000001cb60000,0x000000001cc60000)]
  0x000000001ba21800 JavaThread "Handler for socket connection from /127.0.0.1:56558 to /127.0.0.1:56559" [_thread_in_native, id=8664, stack(0x000000001c860000,0x000000001c960000)]
  0x000000001ba3c800 JavaThread "Daemon" [_thread_blocked, id=12864, stack(0x000000001c760000,0x000000001c860000)]
  0x000000001bb87800 JavaThread "Daemon periodic checks" [_thread_blocked, id=6364, stack(0x000000001c660000,0x000000001c760000)]
  0x000000001bb61000 JavaThread "Incoming local TCP Connector on port 56558" [_thread_in_native, id=4756, stack(0x000000001c4b0000,0x000000001c5b0000)]
  0x000000001a08f000 JavaThread "Service Thread" daemon [_thread_blocked, id=3980, stack(0x000000001a8c0000,0x000000001a9c0000)]
  0x000000001a014800 JavaThread "C1 CompilerThread2" daemon [_thread_blocked, id=12132, stack(0x000000001a7c0000,0x000000001a8c0000)]
=>0x000000001a00e000 JavaThread "C2 CompilerThread1" daemon [_thread_in_native, id=15192, stack(0x000000001a6c0000,0x000000001a7c0000)]
  0x000000001860d000 JavaThread "C2 CompilerThread0" daemon [_thread_in_native, id=17664, stack(0x000000001a5c0000,0x000000001a6c0000)]
  0x0000000018609800 JavaThread "Attach Listener" daemon [_thread_blocked, id=16172, stack(0x000000001a4c0000,0x000000001a5c0000)]
  0x0000000018608800 JavaThread "Signal Dispatcher" daemon [_thread_blocked, id=14456, stack(0x000000001a3c0000,0x000000001a4c0000)]
  0x00000000185da800 JavaThread "Finalizer" daemon [_thread_blocked, id=14552, stack(0x0000000019e60000,0x0000000019f60000)]
  0x0000000003784800 JavaThread "Reference Handler" daemon [_thread_blocked, id=228, stack(0x0000000019d60000,0x0000000019e60000)]
  0x000000000368e000 JavaThread "main" [_thread_blocked, id=17616, stack(0x0000000003500000,0x0000000003600000)]

Other Threads:
  0x00000000185b6000 VMThread [stack: 0x0000000019c60000,0x0000000019d60000] [id=5732]
  0x000000001a098800 WatcherThread [stack: 0x000000001a9c0000,0x000000001aac0000] [id=5488]

VM state:not at safepoint (normal execution)

VM Mutex/Monitor currently owned by a thread: None

Heap:
 PSYoungGen      total 206336K, used 21126K [0x00000000d5580000, 0x00000000e8a80000, 0x0000000100000000)
  eden space 192000K, 3% used [0x00000000d5580000,0x00000000d5c28890,0x00000000e1100000)
  from space 14336K, 99% used [0x00000000e1100000,0x00000000e1ef92d8,0x00000000e1f00000)
  to   space 19968K, 0% used [0x00000000e7700000,0x00000000e7700000,0x00000000e8a80000)
 ParOldGen       total 93696K, used 23873K [0x0000000080000000, 0x0000000085b80000, 0x00000000d5580000)
  object space 93696K, 25% used [0x0000000080000000,0x0000000081750690,0x0000000085b80000)
 Metaspace       used 50508K, capacity 51849K, committed 51968K, reserved 1097728K
  class space    used 6796K, capacity 7168K, committed 7168K, reserved 1048576K

Card table byte_map: [0x0000000012b50000,0x0000000012f60000] byte_map_base: 0x0000000012750000

Marking Bits: (ParMarkBitMap*) 0x000000006f705aa0
 Begin Bits: [0x0000000013810000, 0x0000000015810000)
 End Bits:   [0x0000000015810000, 0x0000000017810000)

Polling page: 0x0000000003170000

CodeCache: size=245760Kb used=16950Kb max_used=17687Kb free=228809Kb
 bounds [0x0000000003790000, 0x00000000048f0000, 0x0000000012790000]
 total_blobs=5588 nmethods=4824 adapters=676
 compilation: enabled

Compilation events (10 events):
Event: 6.118 Thread 0x000000001a014800 5048       3       org.objectweb.asm.ClassWriter::toByteArray (1456 bytes)
Event: 6.121 Thread 0x000000001a014800 nmethod 5048 0x00000000048da090 code [0x00000000048da920, 0x00000000048ded48]
Event: 6.121 Thread 0x000000001a014800 5049       3       org.gradle.internal.service.DefaultServiceRegistry$OwnServices::getService (309 bytes)
Event: 6.123 Thread 0x000000001a014800 nmethod 5049 0x00000000039011d0 code [0x00000000039016e0, 0x0000000003904ac8]
Event: 6.123 Thread 0x000000001860d000 nmethod 5037 0x00000000039216d0 code [0x0000000003921880, 0x0000000003922a58]
Event: 6.124 Thread 0x000000001860d000 5033       4       org.objectweb.asm.ClassWriter::addType (39 bytes)
Event: 6.127 Thread 0x000000001a014800 5050       3       jdk.internal.org.objectweb.asm.MethodWriter::visitFieldInsn (248 bytes)
Event: 6.127 Thread 0x000000001a014800 nmethod 5050 0x00000000038d73d0 code [0x00000000038d75c0, 0x00000000038d7eb8]
Event: 6.127 Thread 0x000000001a014800 5051       3       jdk.internal.org.objectweb.asm.ClassWriter::newFieldItem (77 bytes)
Event: 6.128 Thread 0x000000001a014800 nmethod 5051 0x00000000038a5450 code [0x00000000038a5640, 0x00000000038a5c58]

GC Heap History (10 events):
Event: 2.059 GC heap before
{Heap before GC invocations=5 (full 1):
 PSYoungGen      total 128000K, used 5100K [0x00000000d5580000, 0x00000000dd780000, 0x0000000100000000)
  eden space 122880K, 0% used [0x00000000d5580000,0x00000000d5580000,0x00000000dcd80000)
  from space 5120K, 99% used [0x00000000dd280000,0x00000000dd77b090,0x00000000dd780000)
  to   space 5120K, 0% used [0x00000000dcd80000,0x00000000dcd80000,0x00000000dd280000)
 ParOldGen       total 81920K, used 9439K [0x0000000080000000, 0x0000000085000000, 0x00000000d5580000)
  object space 81920K, 11% used [0x0000000080000000,0x0000000080937e38,0x0000000085000000)
 Metaspace       used 20732K, capacity 21160K, committed 21248K, reserved 1067008K
  class space    used 2900K, capacity 3044K, committed 3072K, reserved 1048576K
Event: 2.085 GC heap after
Heap after GC invocations=5 (full 1):
 PSYoungGen      total 128000K, used 0K [0x00000000d5580000, 0x00000000dd780000, 0x0000000100000000)
  eden space 122880K, 0% used [0x00000000d5580000,0x00000000d5580000,0x00000000dcd80000)
  from space 5120K, 0% used [0x00000000dd280000,0x00000000dd280000,0x00000000dd780000)
  to   space 5120K, 0% used [0x00000000dcd80000,0x00000000dcd80000,0x00000000dd280000)
 ParOldGen       total 60416K, used 9538K [0x0000000080000000, 0x0000000083b00000, 0x00000000d5580000)
  object space 60416K, 15% used [0x0000000080000000,0x0000000080950870,0x0000000083b00000)
 Metaspace       used 20732K, capacity 21160K, committed 21248K, reserved 1067008K
  class space    used 2900K, capacity 3044K, committed 3072K, reserved 1048576K
}
Event: 3.140 GC heap before
{Heap before GC invocations=6 (full 1):
 PSYoungGen      total 128000K, used 122880K [0x00000000d5580000, 0x00000000dd780000, 0x0000000100000000)
  eden space 122880K, 100% used [0x00000000d5580000,0x00000000dcd80000,0x00000000dcd80000)
  from space 5120K, 0% used [0x00000000dd280000,0x00000000dd280000,0x00000000dd780000)
  to   space 5120K, 0% used [0x00000000dcd80000,0x00000000dcd80000,0x00000000dd280000)
 ParOldGen       total 60416K, used 9538K [0x0000000080000000, 0x0000000083b00000, 0x00000000d5580000)
  object space 60416K, 15% used [0x0000000080000000,0x0000000080950870,0x0000000083b00000)
 Metaspace       used 29440K, capacity 29896K, committed 30208K, reserved 1075200K
  class space    used 4120K, capacity 4283K, committed 4352K, reserved 1048576K
Event: 3.153 GC heap after
Heap after GC invocations=6 (full 1):
 PSYoungGen      total 128000K, used 5113K [0x00000000d5580000, 0x00000000e2c80000, 0x0000000100000000)
  eden space 122880K, 0% used [0x00000000d5580000,0x00000000d5580000,0x00000000dcd80000)
  from space 5120K, 99% used [0x00000000dcd80000,0x00000000dd27e638,0x00000000dd280000)
  to   space 13824K, 0% used [0x00000000e1f00000,0x00000000e1f00000,0x00000000e2c80000)
 ParOldGen       total 60416K, used 15762K [0x0000000080000000, 0x0000000083b00000, 0x00000000d5580000)
  object space 60416K, 26% used [0x0000000080000000,0x0000000080f64978,0x0000000083b00000)
 Metaspace       used 29440K, capacity 29896K, committed 30208K, reserved 1075200K
  class space    used 4120K, capacity 4283K, committed 4352K, reserved 1048576K
}
Event: 3.915 GC heap before
{Heap before GC invocations=7 (full 1):
 PSYoungGen      total 128000K, used 53935K [0x00000000d5580000, 0x00000000e2c80000, 0x0000000100000000)
  eden space 122880K, 39% used [0x00000000d5580000,0x00000000d852d990,0x00000000dcd80000)
  from space 5120K, 99% used [0x00000000dcd80000,0x00000000dd27e638,0x00000000dd280000)
  to   space 13824K, 0% used [0x00000000e1f00000,0x00000000e1f00000,0x00000000e2c80000)
 ParOldGen       total 60416K, used 15762K [0x0000000080000000, 0x0000000083b00000, 0x00000000d5580000)
  object space 60416K, 26% used [0x0000000080000000,0x0000000080f64978,0x0000000083b00000)
 Metaspace       used 34585K, capacity 35252K, committed 35416K, reserved 1079296K
  class space    used 4792K, capacity 5026K, committed 5120K, reserved 1048576K
Event: 3.935 GC heap after
Heap after GC invocations=7 (full 1):
 PSYoungGen      total 205824K, used 10376K [0x00000000d5580000, 0x00000000e3100000, 0x0000000100000000)
  eden space 192000K, 0% used [0x00000000d5580000,0x00000000d5580000,0x00000000e1100000)
  from space 13824K, 75% used [0x00000000e1f00000,0x00000000e2922368,0x00000000e2c80000)
  to   space 14336K, 0% used [0x00000000e1100000,0x00000000e1100000,0x00000000e1f00000)
 ParOldGen       total 60416K, used 15770K [0x0000000080000000, 0x0000000083b00000, 0x00000000d5580000)
  object space 60416K, 26% used [0x0000000080000000,0x0000000080f66978,0x0000000083b00000)
 Metaspace       used 34585K, capacity 35252K, committed 35416K, reserved 1079296K
  class space    used 4792K, capacity 5026K, committed 5120K, reserved 1048576K
}
Event: 3.935 GC heap before
{Heap before GC invocations=8 (full 2):
 PSYoungGen      total 205824K, used 10376K [0x00000000d5580000, 0x00000000e3100000, 0x0000000100000000)
  eden space 192000K, 0% used [0x00000000d5580000,0x00000000d5580000,0x00000000e1100000)
  from space 13824K, 75% used [0x00000000e1f00000,0x00000000e2922368,0x00000000e2c80000)
  to   space 14336K, 0% used [0x00000000e1100000,0x00000000e1100000,0x00000000e1f00000)
 ParOldGen       total 60416K, used 15770K [0x0000000080000000, 0x0000000083b00000, 0x00000000d5580000)
  object space 60416K, 26% used [0x0000000080000000,0x0000000080f66978,0x0000000083b00000)
 Metaspace       used 34585K, capacity 35252K, committed 35416K, reserved 1079296K
  class space    used 4792K, capacity 5026K, committed 5120K, reserved 1048576K
Event: 3.993 GC heap after
Heap after GC invocations=8 (full 2):
 PSYoungGen      total 205824K, used 0K [0x00000000d5580000, 0x00000000e3100000, 0x0000000100000000)
  eden space 192000K, 0% used [0x00000000d5580000,0x00000000d5580000,0x00000000e1100000)
  from space 13824K, 0% used [0x00000000e1f00000,0x00000000e1f00000,0x00000000e2c80000)
  to   space 14336K, 0% used [0x00000000e1100000,0x00000000e1100000,0x00000000e1f00000)
 ParOldGen       total 93696K, used 17002K [0x0000000080000000, 0x0000000085b80000, 0x00000000d5580000)
  object space 93696K, 18% used [0x0000000080000000,0x000000008109a940,0x0000000085b80000)
 Metaspace       used 34585K, capacity 35252K, committed 35416K, reserved 1079296K
  class space    used 4792K, capacity 5026K, committed 5120K, reserved 1048576K
}
Event: 6.047 GC heap before
{Heap before GC invocations=9 (full 2):
 PSYoungGen      total 205824K, used 192000K [0x00000000d5580000, 0x00000000e3100000, 0x0000000100000000)
  eden space 192000K, 100% used [0x00000000d5580000,0x00000000e1100000,0x00000000e1100000)
  from space 13824K, 0% used [0x00000000e1f00000,0x00000000e1f00000,0x00000000e2c80000)
  to   space 14336K, 0% used [0x00000000e1100000,0x00000000e1100000,0x00000000e1f00000)
 ParOldGen       total 93696K, used 17002K [0x0000000080000000, 0x0000000085b80000, 0x00000000d5580000)
  object space 93696K, 18% used [0x0000000080000000,0x000000008109a940,0x0000000085b80000)
 Metaspace       used 50030K, capacity 51298K, committed 51456K, reserved 1093632K
  class space    used 6723K, capacity 7060K, committed 7168K, reserved 1048576K
Event: 6.074 GC heap after
Heap after GC invocations=9 (full 2):
 PSYoungGen      total 206336K, used 14308K [0x00000000d5580000, 0x00000000e8a80000, 0x0000000100000000)
  eden space 192000K, 0% used [0x00000000d5580000,0x00000000d5580000,0x00000000e1100000)
  from space 14336K, 99% used [0x00000000e1100000,0x00000000e1ef92d8,0x00000000e1f00000)
  to   space 19968K, 0% used [0x00000000e7700000,0x00000000e7700000,0x00000000e8a80000)
 ParOldGen       total 93696K, used 23873K [0x0000000080000000, 0x0000000085b80000, 0x00000000d5580000)
  object space 93696K, 25% used [0x0000000080000000,0x0000000081750690,0x0000000085b80000)
 Metaspace       used 50030K, capacity 51298K, committed 51456K, reserved 1093632K
  class space    used 6723K, capacity 7060K, committed 7168K, reserved 1048576K
}

Deoptimization events (10 events):
Event: 5.507 Thread 0x000000001ba36000 Uncommon trap: reason=unstable_if action=reinterpret pc=0x0000000004657f00 method=java.io.DataInputStream.readUTF(Ljava/io/DataInput;)Ljava/lang/String; @ 31
Event: 5.666 Thread 0x000000001ba36000 Uncommon trap: reason=unstable_if action=reinterpret pc=0x000000000424cd68 method=java.util.regex.Pattern$BmpCharProperty.match(Ljava/util/regex/Matcher;ILjava/lang/CharSequence;)Z @ 34
Event: 5.780 Thread 0x000000001ba36000 Uncommon trap: reason=unstable_if action=reinterpret pc=0x000000000475cba8 method=com.sun.org.apache.xerces.internal.impl.io.UTF8Reader.read([CII)I @ 131
Event: 5.782 Thread 0x000000001ba36000 Uncommon trap: reason=unstable_if action=reinterpret pc=0x0000000004746b28 method=com.sun.org.apache.xerces.internal.impl.io.UTF8Reader.read([CII)I @ 131
Event: 5.782 Thread 0x000000001ba36000 Uncommon trap: reason=unstable_if action=reinterpret pc=0x00000000047298b8 method=java.util.regex.Pattern$BitClass.isSatisfiedBy(I)Z @ 4
Event: 5.782 Thread 0x000000001ba36000 Uncommon trap: reason=unstable_if action=reinterpret pc=0x00000000046c8bcc method=java.util.regex.Pattern$Ctype.isSatisfiedBy(I)Z @ 4
Event: 5.848 Thread 0x000000001ba36000 Uncommon trap: reason=unstable_if action=reinterpret pc=0x0000000004750594 method=com.sun.org.apache.xerces.internal.impl.XMLEntityScanner.scanContent(Lcom/sun/org/apache/xerces/internal/xni/XMLString;)I @ 44
Event: 5.849 Thread 0x000000001ba36000 Uncommon trap: reason=unstable_if action=reinterpret pc=0x00000000046954f4 method=com.sun.org.apache.xerces.internal.impl.XMLEntityScanner.checkBeforeLoad(Lcom/sun/xml/internal/stream/Entity$ScannedEntity;II)I @ 18
Event: 6.129 Thread 0x000000001ba36000 Uncommon trap: reason=class_check action=maybe_recompile pc=0x000000000400d2c8 method=java.io.BufferedInputStream.read1([BII)I @ 39
Event: 6.129 Thread 0x000000001ba36000 Uncommon trap: reason=class_check action=maybe_recompile pc=0x0000000004011118 method=java.io.BufferedInputStream.read1([BII)I @ 39

Classes redefined (0 events):
No events

Internal exceptions (10 events):
Event: 5.821 Thread 0x000000001ba36000 Exception <a 'sun/nio/fs/WindowsException'> (0x00000000e02b6678) thrown at [D:\src\AOSP-openjdk-cygwin\jdk8u\hotspot\src\share\vm\prims\jni.cpp, line 709]
Event: 5.821 Thread 0x000000001ba36000 Exception <a 'sun/nio/fs/WindowsException'> (0x00000000e02b8e28) thrown at [D:\src\AOSP-openjdk-cygwin\jdk8u\hotspot\src\share\vm\prims\jni.cpp, line 709]
Event: 5.821 Thread 0x000000001ba36000 Exception <a 'sun/nio/fs/WindowsException'> (0x00000000e02b99e0) thrown at [D:\src\AOSP-openjdk-cygwin\jdk8u\hotspot\src\share\vm\prims\jni.cpp, line 709]
Event: 5.821 Thread 0x000000001ba36000 Exception <a 'sun/nio/fs/WindowsException'> (0x00000000e02bb5d0) thrown at [D:\src\AOSP-openjdk-cygwin\jdk8u\hotspot\src\share\vm\prims\jni.cpp, line 709]
Event: 5.821 Thread 0x000000001ba36000 Exception <a 'sun/nio/fs/WindowsException'> (0x00000000e02bc1c8) thrown at [D:\src\AOSP-openjdk-cygwin\jdk8u\hotspot\src\share\vm\prims\jni.cpp, line 709]
Event: 5.868 Thread 0x000000001ba36000 Exception <a 'java/lang/NoSuchMethodError': java.lang.Object.lambda$comparing$77a9974f$1(Ljava/util/function/Function;Ljava/lang/Object;Ljava/lang/Object;)I> (0x00000000e047ad98) thrown at [D:\src\AOSP-openjdk-cygwin\jdk8u\hotspot\src\share\vm\interpreter
Event: 5.868 Thread 0x000000001ba36000 Exception <a 'java/lang/NoSuchMethodError': java.lang.Object.lambda$thenComparing$36697e65$1(Ljava/util/Comparator;Ljava/lang/Object;Ljava/lang/Object;)I> (0x00000000e0486418) thrown at [D:\src\AOSP-openjdk-cygwin\jdk8u\hotspot\src\share\vm\interpreter\li
Event: 5.882 Thread 0x000000001ba36000 Exception <a 'java/lang/NoSuchMethodError': java.lang.Object.lambda$maxBy$1(Ljava/util/Comparator;Ljava/lang/Object;Ljava/lang/Object;)Ljava/lang/Object;> (0x00000000e05d7ce8) thrown at [D:\src\AOSP-openjdk-cygwin\jdk8u\hotspot\src\share\vm\interpreter\li
Event: 5.979 Thread 0x000000001ba36000 Exception <a 'java/lang/ClassNotFoundException': org/gradle/api/plugins/BasePluginConventionBeanInfo> (0x00000000e0c53810) thrown at [D:\src\AOSP-openjdk-cygwin\jdk8u\hotspot\src\share\vm\classfile\systemDictionary.cpp, line 210]
Event: 5.979 Thread 0x000000001ba36000 Exception <a 'java/lang/ClassNotFoundException': org/gradle/api/plugins/BasePluginConventionCustomizer> (0x00000000e0c78160) thrown at [D:\src\AOSP-openjdk-cygwin\jdk8u\hotspot\src\share\vm\classfile\systemDictionary.cpp, line 210]

Events (10 events):
Event: 6.129 Thread 0x000000001ba36000 DEOPT UNPACKING pc=0x00000000037d557b sp=0x000000001cd5b7f8 mode 2
Event: 6.129 Thread 0x000000001ba36000 Uncommon trap: trap_request=0xffffffde fr.pc=0x0000000004011118
Event: 6.129 Thread 0x000000001ba36000 DEOPT PACKING pc=0x0000000004011118 sp=0x000000001cd5b830
Event: 6.129 Thread 0x000000001ba36000 DEOPT UNPACKING pc=0x00000000037d557b sp=0x000000001cd5b7e0 mode 2
Event: 6.129 loading class org/gradle/internal/typeconversion/MapNotationConverter$ConvertMethod
Event: 6.129 loading class org/gradle/internal/typeconversion/MapNotationConverter$ConvertMethod done
Event: 6.129 loading class org/gradle/internal/typeconversion/MapNotationConverter$ConvertMethodCache
Event: 6.129 loading class org/gradle/internal/typeconversion/MapNotationConverter$ConvertMethodCache done
Event: 6.130 loading class org/gradle/internal/typeconversion/MapKey
Event: 6.130 loading class org/gradle/internal/typeconversion/MapKey done


Dynamic libraries:
0x00007ff679f30000 - 0x00007ff679f61000 	D:\android\android-studio\jre\bin\java.exe
0x00007ffc902d0000 - 0x00007ffc904b1000 	C:\WINDOWS\SYSTEM32\ntdll.dll
0x00007ffc8dab0000 - 0x00007ffc8db62000 	C:\WINDOWS\System32\KERNEL32.DLL
0x00007ffc8d000000 - 0x00007ffc8d273000 	C:\WINDOWS\System32\KERNELBASE.dll
0x00007ffc8f660000 - 0x00007ffc8f701000 	C:\WINDOWS\System32\ADVAPI32.dll
0x00007ffc8fbe0000 - 0x00007ffc8fc7e000 	C:\WINDOWS\System32\msvcrt.dll
0x00007ffc8d890000 - 0x00007ffc8d8eb000 	C:\WINDOWS\System32\sechost.dll
0x00007ffc8d760000 - 0x00007ffc8d884000 	C:\WINDOWS\System32\RPCRT4.dll
0x00007ffc8ffb0000 - 0x00007ffc90140000 	C:\WINDOWS\System32\USER32.dll
0x00007ffc8d380000 - 0x00007ffc8d3a0000 	C:\WINDOWS\System32\win32u.dll
0x00007ffc8f5d0000 - 0x00007ffc8f5f8000 	C:\WINDOWS\System32\GDI32.dll
0x00007ffc8c6a0000 - 0x00007ffc8c832000 	C:\WINDOWS\System32\gdi32full.dll
0x00007ffc8d280000 - 0x00007ffc8d31f000 	C:\WINDOWS\System32\msvcp_win.dll
0x00007ffc8d3a0000 - 0x00007ffc8d49a000 	C:\WINDOWS\System32\ucrtbase.dll
0x00007ffc7c540000 - 0x00007ffc7c7a9000 	C:\WINDOWS\WinSxS\amd64_microsoft.windows.common-controls_6595b64144ccf1df_6.0.17134.345_none_fb429a5930656358\COMCTL32.dll
0x00007ffc8f730000 - 0x00007ffc8fa53000 	C:\WINDOWS\System32\combase.dll
0x00007ffc8d4a0000 - 0x00007ffc8d51a000 	C:\WINDOWS\System32\bcryptPrimitives.dll
0x00007ffc8fd80000 - 0x00007ffc8fdad000 	C:\WINDOWS\System32\IMM32.DLL
0x000000006ebd0000 - 0x000000006eca2000 	D:\android\android-studio\jre\jre\bin\msvcr100.dll
0x000000006ef40000 - 0x000000006f781000 	D:\android\android-studio\jre\jre\bin\server\jvm.dll
0x00007ffc8d950000 - 0x00007ffc8d958000 	C:\WINDOWS\System32\PSAPI.DLL
0x00007ffc7cc80000 - 0x00007ffc7cc89000 	C:\WINDOWS\SYSTEM32\WSOCK32.dll
0x00007ffc8a750000 - 0x00007ffc8a773000 	C:\WINDOWS\SYSTEM32\WINMM.dll
0x00007ffc81dc0000 - 0x00007ffc81dca000 	C:\WINDOWS\SYSTEM32\VERSION.dll
0x00007ffc8da30000 - 0x00007ffc8da9c000 	C:\WINDOWS\System32\WS2_32.dll
0x00007ffc8a640000 - 0x00007ffc8a66a000 	C:\WINDOWS\SYSTEM32\WINMMBASE.dll
0x00007ffc8d710000 - 0x00007ffc8d759000 	C:\WINDOWS\System32\cfgmgr32.dll
0x00007ffc68310000 - 0x00007ffc6831f000 	D:\android\android-studio\jre\jre\bin\verify.dll
0x00007ffc01530000 - 0x00007ffc01559000 	D:\android\android-studio\jre\jre\bin\java.dll
0x00007ffc52b80000 - 0x00007ffc52b96000 	D:\android\android-studio\jre\jre\bin\zip.dll
0x00007ffc8dc20000 - 0x00007ffc8f05f000 	C:\WINDOWS\System32\SHELL32.dll
0x00007ffc8db70000 - 0x00007ffc8dc19000 	C:\WINDOWS\System32\shcore.dll
0x00007ffc8c840000 - 0x00007ffc8cf4d000 	C:\WINDOWS\System32\windows.storage.dll
0x00007ffc8fdb0000 - 0x00007ffc8fe01000 	C:\WINDOWS\System32\shlwapi.dll
0x00007ffc8c680000 - 0x00007ffc8c691000 	C:\WINDOWS\System32\kernel.appcore.dll
0x00007ffc8c5f0000 - 0x00007ffc8c60f000 	C:\WINDOWS\System32\profapi.dll
0x00007ffc8c630000 - 0x00007ffc8c67c000 	C:\WINDOWS\System32\powrprof.dll
0x00007ffc8c5e0000 - 0x00007ffc8c5ea000 	C:\WINDOWS\System32\FLTLIB.DLL
0x00007ffc02fe0000 - 0x00007ffc02ffa000 	D:\android\android-studio\jre\jre\bin\net.dll
0x00007ffc8be00000 - 0x00007ffc8be66000 	C:\WINDOWS\system32\mswsock.dll
0x00007ffc01510000 - 0x00007ffc01521000 	D:\android\android-studio\jre\jre\bin\nio.dll
0x00007ffc5b860000 - 0x00007ffc5b87e000 	C:\Users\Administrator\.gradle\native\25\windows-amd64\native-platform.dll
0x00007ffc67020000 - 0x00007ffc6702d000 	D:\android\android-studio\jre\jre\bin\management.dll
0x00007ffc8c010000 - 0x00007ffc8c027000 	C:\WINDOWS\SYSTEM32\CRYPTSP.dll
0x00007ffc8b9e0000 - 0x00007ffc8ba13000 	C:\WINDOWS\system32\rsaenh.dll
0x00007ffc8c140000 - 0x00007ffc8c165000 	C:\WINDOWS\SYSTEM32\bcrypt.dll
0x00007ffc8c510000 - 0x00007ffc8c538000 	C:\WINDOWS\SYSTEM32\USERENV.dll
0x00007ffc8c030000 - 0x00007ffc8c03b000 	C:\WINDOWS\SYSTEM32\CRYPTBASE.dll
0x00007ffc8bb80000 - 0x00007ffc8bbb8000 	C:\WINDOWS\SYSTEM32\IPHLPAPI.DLL
0x00007ffc8daa0000 - 0x00007ffc8daa8000 	C:\WINDOWS\System32\NSI.dll
0x00007ffc85250000 - 0x00007ffc85266000 	C:\WINDOWS\SYSTEM32\dhcpcsvc6.DLL
0x00007ffc834a0000 - 0x00007ffc834ba000 	C:\WINDOWS\SYSTEM32\dhcpcsvc.DLL

VM Arguments:
jvm_args: -Xmx2048m -Dfile.encoding=GBK -Duser.country=CN -Duser.language=zh -Duser.variant 
java_command: org.gradle.launcher.daemon.bootstrap.GradleDaemon 4.6
java_class_path (initial): C:\Users\Administrator\.gradle\wrapper\dists\gradle-4.6-all\bcst21l2brirad8k2ben1letg\gradle-4.6\lib\gradle-launcher-4.6.jar
Launcher Type: SUN_STANDARD

Environment Variables:
JAVA_HOME=D:\java\jdk1.8.0_131
CLASSPATH=.;D:\java\jdk1.8.0_131\lib\dt.jar;D:\java\jdk1.8.0_131\lib\tools.jar;
PATH=C:\ProgramData\Oracle\Java\javapath;C:\WINDOWS\system32;C:\WINDOWS;C:\WINDOWS\System32\Wbem;C:\WINDOWS\System32\WindowsPowerShell\v1.0\;D:\java\jdk1.8.0_131\bin;D:\java\jdk1.8.0_131\jre\bin;D:\mysql\mysql-5.7.22-winx64\bin;D:\Git\cmd;C:\WINDOWS\System32\OpenSSH\;D:\html\nodejs\;C:\Program Files\Common Files\Autodesk Shared\;C:\Program Files (x86)\Autodesk\Backburner\;C:\Users\Administrator\AppData\Local\Microsoft\WindowsApps;C:\Users\Administrator\AppData\Roaming\npm
USERNAME=Administrator
OS=Windows_NT
PROCESSOR_IDENTIFIER=Intel64 Family 6 Model 158 Stepping 10, GenuineIntel



---------------  S Y S T E M  ---------------

OS: Windows 10.0 , 64 bit Build 17134 (10.0.17134.1)

CPU:total 6 (initial active 6) (6 cores per cpu, 1 threads per core) family 6 model 158 stepping 10, cmov, cx8, fxsr, mmx, sse, sse2, sse3, ssse3, sse4.1, sse4.2, popcnt, avx, avx2, aes, clmul, erms, rtm, 3dnowpref, lzcnt, tsc, tscinvbit, bmi1, bmi2, adx

Memory: 4k page, physical 7813140k(431144k free), swap 12959308k(4632k free)

vm_info: OpenJDK 64-Bit Server VM (25.152-b06) for windows-amd64 JRE (1.8.0_152-release-1136-b06), built by "builder" with MS VC++ 10.0 (VS2010)

time: Wed Oct 24 17:09:52 2018
elapsed time: 6 seconds (0d 0h 0m 6s)

