#
# There is insufficient memory for the Java Runtime Environment to continue.
# Native memory allocation (malloc) failed to allocate 814096 bytes for Chunk::new
# Possible reasons:
#   The system is out of physical RAM or swap space
#   In 32 bit mode, the process size limit was hit
# Possible solutions:
#   Reduce memory load on the system
#   Increase physical memory or swap space
#   Check if swap backing store is full
#   Use 64 bit Java on a 64 bit OS
#   Decrease Java heap size (-Xmx/-Xms)
#   Decrease number of Java threads
#   Decrease Java thread stack sizes (-Xss)
#   Set larger code cache with -XX:ReservedCodeCacheSize=
# This output file may be truncated or incomplete.
#
#  Out of Memory Error (allocation.cpp:390), pid=2808, tid=0x00000000000035a0
#
# JRE version: OpenJDK Runtime Environment (8.0_152-b06) (build 1.8.0_152-release-1136-b06)
# Java VM: OpenJDK 64-Bit Server VM (25.152-b06 mixed mode windows-amd64 compressed oops)
# Failed to write core dump. Minidumps are not enabled by default on client versions of Windows
#

---------------  T H R E A D  ---------------

Current thread (0x0000000019e90800):  JavaThread "C2 CompilerThread1" daemon [_thread_in_native, id=13728, stack(0x000000001a540000,0x000000001a640000)]

Stack: [0x000000001a540000,0x000000001a640000]
[error occurred during error reporting (printing stack bounds), id 0xc0000005]

Native frames: (J=compiled Java code, j=interpreted, Vv=VM code, C=native code)


Current CompileTask:
C2:   7684 7945       4       org.apache.ivy.core.IvyPatternHelper::substituteTokens (638 bytes)


---------------  P R O C E S S  ---------------

Java Threads: ( => current thread )
  0x0000000021c41800 JavaThread "stdout" [_thread_in_native, id=3128, stack(0x0000000026680000,0x0000000026780000)]
  0x0000000021c42000 JavaThread "stderr" [_thread_in_native, id=18272, stack(0x0000000026580000,0x0000000026680000)]
  0x0000000021c40000 JavaThread "pool-4-thread-1" [_thread_blocked, id=15952, stack(0x0000000026480000,0x0000000026580000)]
  0x0000000021c40800 JavaThread "Task worker for ':' Thread 5" [_thread_blocked, id=18032, stack(0x0000000026180000,0x0000000026280000)]
  0x0000000021c3a000 JavaThread "Task worker for ':' Thread 4" [_thread_blocked, id=16528, stack(0x0000000026080000,0x0000000026180000)]
  0x0000000021c36000 JavaThread "Task worker for ':' Thread 3" [_thread_in_native, id=15272, stack(0x0000000025f80000,0x0000000026080000)]
  0x0000000021c3d000 JavaThread "Task worker for ':' Thread 2" [_thread_blocked, id=12832, stack(0x0000000025e80000,0x0000000025f80000)]
  0x0000000021c39000 JavaThread "Task worker for ':'" [_thread_blocked, id=14304, stack(0x0000000025d80000,0x0000000025e80000)]
  0x0000000021c3c000 JavaThread "Cache worker for Build Output Cleanup Cache (E:\android\ALib\.gradle\buildOutputCleanup)" [_thread_blocked, id=5680, stack(0x0000000025a80000,0x0000000025b80000)]
  0x0000000021c35000 JavaThread "Cache worker for task history cache (E:\android\ALib\.gradle\4.6\taskHistory)" [_thread_blocked, id=11240, stack(0x0000000025980000,0x0000000025a80000)]
  0x0000000021c36800 JavaThread "Cache worker for file content cache (E:\android\ALib\.gradle\4.6\fileContent)" [_thread_blocked, id=14912, stack(0x00000000255f0000,0x00000000256f0000)]
  0x0000000021c38000 JavaThread "Memory manager" [_thread_blocked, id=12732, stack(0x0000000024300000,0x0000000024400000)]
  0x0000000021c37800 JavaThread "pool-1-thread-1" [_thread_blocked, id=9300, stack(0x0000000023ea0000,0x0000000023fa0000)]
  0x000000001ee8a800 JavaThread "Build operations Thread 6" [_thread_blocked, id=12448, stack(0x00000000236b0000,0x00000000237b0000)]
  0x000000001ee90800 JavaThread "Build operations Thread 5" [_thread_blocked, id=928, stack(0x00000000233a0000,0x00000000234a0000)]
  0x000000001ee90000 JavaThread "Build operations Thread 4" [_thread_blocked, id=9240, stack(0x00000000232a0000,0x00000000233a0000)]
  0x000000001ee8e800 JavaThread "Build operations Thread 3" [_thread_blocked, id=13956, stack(0x0000000021ef0000,0x0000000021ff0000)]
  0x000000001ee8c000 JavaThread "Build operations Thread 2" [_thread_blocked, id=18000, stack(0x0000000020dd0000,0x0000000020ed0000)]
  0x000000001ee8d800 JavaThread "Build operations" [_thread_blocked, id=18192, stack(0x0000000020870000,0x0000000020970000)]
  0x000000001ee8d000 JavaThread "Cache worker for Artifact transforms cache (C:\Users\Administrator\.gradle\caches\transforms-1)" [_thread_blocked, id=12428, stack(0x0000000020770000,0x0000000020870000)]
  0x000000001d8d7800 JavaThread "Cache worker for file hash cache (E:\android\ALib\.gradle\4.6\fileHashes)" [_thread_blocked, id=16488, stack(0x000000001f2a0000,0x000000001f3a0000)]
  0x000000001d33a000 JavaThread "File lock request listener" [_thread_in_native, id=12476, stack(0x000000001e0d0000,0x000000001e1d0000)]
  0x000000001bac3000 JavaThread "Cache worker for file hash cache (C:\Users\Administrator\.gradle\caches\4.6\fileHashes)" [_thread_blocked, id=10996, stack(0x000000001dfd0000,0x000000001e0d0000)]
  0x000000001ba4f000 JavaThread "Stdin handler" [_thread_blocked, id=14204, stack(0x000000001cd00000,0x000000001ce00000)]
  0x000000001ba44800 JavaThread "Asynchronous log dispatcher for DefaultDaemonConnection: socket connection from /127.0.0.1:56599 to /127.0.0.1:56600" [_thread_blocked, id=14772, stack(0x000000001cc00000,0x000000001cd00000)]
  0x000000001ba66800 JavaThread "Daemon worker" [_thread_blocked, id=2416, stack(0x000000001cb00000,0x000000001cc00000)]
  0x000000001ba65800 JavaThread "Cancel handler" [_thread_blocked, id=16988, stack(0x000000001ca00000,0x000000001cb00000)]
  0x000000001ba38800 JavaThread "Handler for socket connection from /127.0.0.1:56599 to /127.0.0.1:56600" [_thread_in_native, id=14372, stack(0x000000001c700000,0x000000001c800000)]
  0x000000001ba38000 JavaThread "Daemon" [_thread_blocked, id=2876, stack(0x000000001c600000,0x000000001c700000)]
  0x000000001b989000 JavaThread "Daemon periodic checks" [_thread_blocked, id=9696, stack(0x000000001c500000,0x000000001c600000)]
  0x000000001b978800 JavaThread "Incoming local TCP Connector on port 56599" [_thread_in_native, id=17936, stack(0x000000001c350000,0x000000001c450000)]
  0x0000000019f09000 JavaThread "Service Thread" daemon [_thread_blocked, id=6748, stack(0x000000001a740000,0x000000001a840000)]
  0x0000000019e92000 JavaThread "C1 CompilerThread2" daemon [_thread_blocked, id=14280, stack(0x000000001a640000,0x000000001a740000)]
=>0x0000000019e90800 JavaThread "C2 CompilerThread1" daemon [_thread_in_native, id=13728, stack(0x000000001a540000,0x000000001a640000)]
  0x000000001848c000 JavaThread "C2 CompilerThread0" daemon [_thread_in_native, id=8480, stack(0x000000001a440000,0x000000001a540000)]
  0x0000000019e8a000 JavaThread "Attach Listener" daemon [_thread_blocked, id=11732, stack(0x000000001a340000,0x000000001a440000)]
  0x0000000018480000 JavaThread "Signal Dispatcher" daemon [_thread_blocked, id=5800, stack(0x000000001a240000,0x000000001a340000)]
  0x000000001845a800 JavaThread "Finalizer" daemon [_thread_blocked, id=5460, stack(0x0000000019ce0000,0x0000000019de0000)]
  0x0000000003604000 JavaThread "Reference Handler" daemon [_thread_blocked, id=7584, stack(0x0000000019be0000,0x0000000019ce0000)]
  0x0000000000ffe000 JavaThread "main" [_thread_blocked, id=17836, stack(0x0000000003020000,0x0000000003120000)]

Other Threads:
  0x0000000018435800 VMThread [stack: 0x0000000019ae0000,0x0000000019be0000] [id=16316]
  0x0000000019f19800 WatcherThread [stack: 0x000000001a840000,0x000000001a940000] [id=14824]

VM state:not at safepoint (normal execution)

VM Mutex/Monitor currently owned by a thread: None

Heap:
 PSYoungGen      total 205312K, used 164039K [0x00000000d5580000, 0x00000000e6c00000, 0x0000000100000000)
  eden space 184320K, 88% used [0x00000000d5580000,0x00000000df5b1e78,0x00000000e0980000)
  from space 20992K, 0% used [0x00000000e0980000,0x00000000e0980000,0x00000000e1e00000)
  to   space 20992K, 0% used [0x00000000e5780000,0x00000000e5780000,0x00000000e6c00000)
 ParOldGen       total 137216K, used 37919K [0x0000000080000000, 0x0000000088600000, 0x00000000d5580000)
  object space 137216K, 27% used [0x0000000080000000,0x0000000082507f68,0x0000000088600000)
 Metaspace       used 61278K, capacity 63136K, committed 63360K, reserved 1103872K
  class space    used 8311K, capacity 8799K, committed 8832K, reserved 1048576K

Card table byte_map: [0x00000000129d0000,0x0000000012de0000] byte_map_base: 0x00000000125d0000

Marking Bits: (ParMarkBitMap*) 0x000000006f705aa0
 Begin Bits: [0x0000000013690000, 0x0000000015690000)
 End Bits:   [0x0000000015690000, 0x0000000017690000)

Polling page: 0x0000000003120000

CodeCache: size=245760Kb used=21047Kb max_used=21062Kb free=224712Kb
 bounds [0x0000000003610000, 0x0000000004ac0000, 0x0000000012610000]
 total_blobs=7895 nmethods=7096 adapters=711
 compilation: enabled

Compilation events (10 events):
Event: 7.670 Thread 0x0000000019e92000 8016       2       org.gradle.api.file.RelativePath::getLastName (23 bytes)
Event: 7.671 Thread 0x0000000019e92000 nmethod 8016 0x0000000004aaa490 code [0x0000000004aaa5e0, 0x0000000004aaa770]
Event: 7.671 Thread 0x0000000019e92000 8018       2       org.gradle.api.internal.changedetection.state.RegularFileSnapshot::getName (8 bytes)
Event: 7.671 Thread 0x0000000019e92000 nmethod 8018 0x0000000004aaa090 code [0x0000000004aaa1e0, 0x0000000004aaa370]
Event: 7.671 Thread 0x0000000019e92000 8017       2       org.gradle.api.internal.changedetection.state.InputPathNormalizationStrategy$3::getNormalizedSnapshot (47 bytes)
Event: 7.671 Thread 0x0000000019e92000 nmethod 8017 0x0000000004aa9ad0 code [0x0000000004aa9c80, 0x0000000004aa9f48]
Event: 7.676 Thread 0x000000001848c000 nmethod 8009 0x0000000004ab2c10 code [0x0000000004ab2de0, 0x0000000004ab3f30]
Event: 7.676 Thread 0x000000001848c000 7973       4       com.google.common.util.concurrent.AbstractFuture$Sync::complete (67 bytes)
Event: 7.677 Thread 0x000000001848c000 nmethod 7973 0x0000000004aa69d0 code [0x0000000004aa6b20, 0x0000000004aa6c58]
Event: 7.677 Thread 0x000000001848c000 7971       4       org.gradle.cache.internal.btree.CachingBlockStore::read (56 bytes)

GC Heap History (10 events):
Event: 3.389 GC heap before
{Heap before GC invocations=10 (full 2):
 PSYoungGen      total 156160K, used 8638K [0x00000000d5580000, 0x00000000e3200000, 0x0000000100000000)
  eden space 143872K, 0% used [0x00000000d5580000,0x00000000d5580000,0x00000000de200000)
  from space 12288K, 70% used [0x00000000dee00000,0x00000000df66fbe0,0x00000000dfa00000)
  to   space 12288K, 0% used [0x00000000de200000,0x00000000de200000,0x00000000dee00000)
 ParOldGen       total 59904K, used 10599K [0x0000000080000000, 0x0000000083a80000, 0x00000000d5580000)
  object space 59904K, 17% used [0x0000000080000000,0x0000000080a59ee0,0x0000000083a80000)
 Metaspace       used 34576K, capacity 35252K, committed 35416K, reserved 1079296K
  class space    used 4792K, capacity 5026K, committed 5120K, reserved 1048576K
Event: 3.446 GC heap after
Heap after GC invocations=10 (full 2):
 PSYoungGen      total 156160K, used 0K [0x00000000d5580000, 0x00000000e3200000, 0x0000000100000000)
  eden space 143872K, 0% used [0x00000000d5580000,0x00000000d5580000,0x00000000de200000)
  from space 12288K, 0% used [0x00000000dee00000,0x00000000dee00000,0x00000000dfa00000)
  to   space 12288K, 0% used [0x00000000de200000,0x00000000de200000,0x00000000dee00000)
 ParOldGen       total 84992K, used 15335K [0x0000000080000000, 0x0000000085300000, 0x00000000d5580000)
  object space 84992K, 18% used [0x0000000080000000,0x0000000080ef9e58,0x0000000085300000)
 Metaspace       used 34576K, capacity 35252K, committed 35416K, reserved 1079296K
  class space    used 4792K, capacity 5026K, committed 5120K, reserved 1048576K
}
Event: 4.411 GC heap before
{Heap before GC invocations=11 (full 2):
 PSYoungGen      total 156160K, used 143872K [0x00000000d5580000, 0x00000000e3200000, 0x0000000100000000)
  eden space 143872K, 100% used [0x00000000d5580000,0x00000000de200000,0x00000000de200000)
  from space 12288K, 0% used [0x00000000dee00000,0x00000000dee00000,0x00000000dfa00000)
  to   space 12288K, 0% used [0x00000000de200000,0x00000000de200000,0x00000000dee00000)
 ParOldGen       total 84992K, used 15335K [0x0000000080000000, 0x0000000085300000, 0x00000000d5580000)
  object space 84992K, 18% used [0x0000000080000000,0x0000000080ef9e58,0x0000000085300000)
 Metaspace       used 43882K, capacity 44790K, committed 44928K, reserved 1087488K
  class space    used 5985K, capacity 6268K, committed 6272K, reserved 1048576K
Event: 4.423 GC heap after
Heap after GC invocations=11 (full 2):
 PSYoungGen      total 156160K, used 12279K [0x00000000d5580000, 0x00000000e2d00000, 0x0000000100000000)
  eden space 143872K, 0% used [0x00000000d5580000,0x00000000d5580000,0x00000000de200000)
  from space 12288K, 99% used [0x00000000de200000,0x00000000dedfdda0,0x00000000dee00000)
  to   space 15360K, 0% used [0x00000000e1e00000,0x00000000e1e00000,0x00000000e2d00000)
 ParOldGen       total 84992K, used 19522K [0x0000000080000000, 0x0000000085300000, 0x00000000d5580000)
  object space 84992K, 22% used [0x0000000080000000,0x0000000081310bc8,0x0000000085300000)
 Metaspace       used 43882K, capacity 44790K, committed 44928K, reserved 1087488K
  class space    used 5985K, capacity 6268K, committed 6272K, reserved 1048576K
}
Event: 5.886 GC heap before
{Heap before GC invocations=12 (full 2):
 PSYoungGen      total 156160K, used 156151K [0x00000000d5580000, 0x00000000e2d00000, 0x0000000100000000)
  eden space 143872K, 100% used [0x00000000d5580000,0x00000000de200000,0x00000000de200000)
  from space 12288K, 99% used [0x00000000de200000,0x00000000dedfdda0,0x00000000dee00000)
  to   space 15360K, 0% used [0x00000000e1e00000,0x00000000e1e00000,0x00000000e2d00000)
 ParOldGen       total 84992K, used 19522K [0x0000000080000000, 0x0000000085300000, 0x00000000d5580000)
  object space 84992K, 22% used [0x0000000080000000,0x0000000081310bc8,0x0000000085300000)
 Metaspace       used 55363K, capacity 57300K, committed 57600K, reserved 1099776K
  class space    used 7552K, capacity 8069K, committed 8192K, reserved 1048576K
Event: 5.918 GC heap after
Heap after GC invocations=12 (full 2):
 PSYoungGen      total 199680K, used 15351K [0x00000000d5580000, 0x00000000e3680000, 0x0000000100000000)
  eden space 184320K, 0% used [0x00000000d5580000,0x00000000d5580000,0x00000000e0980000)
  from space 15360K, 99% used [0x00000000e1e00000,0x00000000e2cfdc08,0x00000000e2d00000)
  to   space 20992K, 0% used [0x00000000e0980000,0x00000000e0980000,0x00000000e1e00000)
 ParOldGen       total 84992K, used 30556K [0x0000000080000000, 0x0000000085300000, 0x00000000d5580000)
  object space 84992K, 35% used [0x0000000080000000,0x0000000081dd7370,0x0000000085300000)
 Metaspace       used 55363K, capacity 57300K, committed 57600K, reserved 1099776K
  class space    used 7552K, capacity 8069K, committed 8192K, reserved 1048576K
}
Event: 6.415 GC heap before
{Heap before GC invocations=13 (full 2):
 PSYoungGen      total 199680K, used 76125K [0x00000000d5580000, 0x00000000e3680000, 0x0000000100000000)
  eden space 184320K, 32% used [0x00000000d5580000,0x00000000d90d9918,0x00000000e0980000)
  from space 15360K, 99% used [0x00000000e1e00000,0x00000000e2cfdc08,0x00000000e2d00000)
  to   space 20992K, 0% used [0x00000000e0980000,0x00000000e0980000,0x00000000e1e00000)
 ParOldGen       total 84992K, used 30556K [0x0000000080000000, 0x0000000085300000, 0x00000000d5580000)
  object space 84992K, 35% used [0x0000000080000000,0x0000000081dd7370,0x0000000085300000)
 Metaspace       used 56981K, capacity 58832K, committed 59008K, reserved 1099776K
  class space    used 7737K, capacity 8207K, committed 8320K, reserved 1048576K
Event: 6.434 GC heap after
Heap after GC invocations=13 (full 2):
 PSYoungGen      total 205312K, used 4224K [0x00000000d5580000, 0x00000000e6c00000, 0x0000000100000000)
  eden space 184320K, 0% used [0x00000000d5580000,0x00000000d5580000,0x00000000e0980000)
  from space 20992K, 20% used [0x00000000e0980000,0x00000000e0da00c0,0x00000000e1e00000)
  to   space 20992K, 0% used [0x00000000e5780000,0x00000000e5780000,0x00000000e6c00000)
 ParOldGen       total 84992K, used 45864K [0x0000000080000000, 0x0000000085300000, 0x00000000d5580000)
  object space 84992K, 53% used [0x0000000080000000,0x0000000082cca328,0x0000000085300000)
 Metaspace       used 56981K, capacity 58832K, committed 59008K, reserved 1099776K
  class space    used 7737K, capacity 8207K, committed 8320K, reserved 1048576K
}
Event: 6.434 GC heap before
{Heap before GC invocations=14 (full 3):
 PSYoungGen      total 205312K, used 4224K [0x00000000d5580000, 0x00000000e6c00000, 0x0000000100000000)
  eden space 184320K, 0% used [0x00000000d5580000,0x00000000d5580000,0x00000000e0980000)
  from space 20992K, 20% used [0x00000000e0980000,0x00000000e0da00c0,0x00000000e1e00000)
  to   space 20992K, 0% used [0x00000000e5780000,0x00000000e5780000,0x00000000e6c00000)
 ParOldGen       total 84992K, used 45864K [0x0000000080000000, 0x0000000085300000, 0x00000000d5580000)
  object space 84992K, 53% used [0x0000000080000000,0x0000000082cca328,0x0000000085300000)
 Metaspace       used 56981K, capacity 58832K, committed 59008K, reserved 1099776K
  class space    used 7737K, capacity 8207K, committed 8320K, reserved 1048576K
Event: 6.602 GC heap after
Heap after GC invocations=14 (full 3):
 PSYoungGen      total 205312K, used 0K [0x00000000d5580000, 0x00000000e6c00000, 0x0000000100000000)
  eden space 184320K, 0% used [0x00000000d5580000,0x00000000d5580000,0x00000000e0980000)
  from space 20992K, 0% used [0x00000000e0980000,0x00000000e0980000,0x00000000e1e00000)
  to   space 20992K, 0% used [0x00000000e5780000,0x00000000e5780000,0x00000000e6c00000)
 ParOldGen       total 137216K, used 37919K [0x0000000080000000, 0x0000000088600000, 0x00000000d5580000)
  object space 137216K, 27% used [0x0000000080000000,0x0000000082507f68,0x0000000088600000)
 Metaspace       used 56981K, capacity 58832K, committed 59008K, reserved 1099776K
  class space    used 7737K, capacity 8207K, committed 8320K, reserved 1048576K
}

Deoptimization events (10 events):
Event: 6.787 Thread 0x0000000021c35000 Uncommon trap: reason=bimorphic action=maybe_recompile pc=0x0000000003896eec method=java.io.BufferedInputStream.read1([BII)I @ 39
Event: 7.061 Thread 0x0000000021c3d000 Uncommon trap: reason=class_check action=maybe_recompile pc=0x0000000004967088 method=java.io.ObjectOutputStream$BlockDataOutputStream.drain()V @ 36
Event: 7.209 Thread 0x0000000021c36000 Uncommon trap: reason=unstable_if action=reinterpret pc=0x0000000003e4dae4 method=java.lang.String.lastIndexOf([CII[CIII)I @ 17
Event: 7.289 Thread 0x0000000021c36000 Uncommon trap: reason=unstable_if action=reinterpret pc=0x000000000488b658 method=java.util.concurrent.ConcurrentHashMap.putVal(Ljava/lang/Object;Ljava/lang/Object;Z)Ljava/lang/Object; @ 195
Event: 7.418 Thread 0x0000000021c36000 Uncommon trap: reason=predicate action=maybe_recompile pc=0x0000000003d8cfac method=java.util.Arrays$ArrayList.indexOf(Ljava/lang/Object;)I @ 42
Event: 7.507 Thread 0x0000000021c36000 Uncommon trap: reason=unstable_if action=reinterpret pc=0x0000000004a7f1d0 method=org.gradle.internal.resource.ExternalResourceName.encode(Ljava/lang/String;Z)Ljava/lang/String; @ 53
Event: 7.539 Thread 0x0000000021c36000 Uncommon trap: reason=unstable_if action=reinterpret pc=0x0000000004324898 method=org.gradle.api.internal.file.pattern.PatternMatcherFactory$PathMatcherBackedSpec.isSatisfiedBy(Lorg/gradle/api/file/RelativePath;)Z @ 11
Event: 7.539 Thread 0x0000000021c36000 Uncommon trap: reason=unstable_if action=reinterpret pc=0x000000000432af50 method=org.gradle.api.internal.file.pattern.PatternMatcherFactory$PathMatcherBackedSpec.isSatisfiedBy(Lorg/gradle/api/file/RelativePath;)Z @ 11
Event: 7.540 Thread 0x0000000021c36000 Uncommon trap: reason=unstable_if action=reinterpret pc=0x00000000040c37b8 method=org.gradle.api.internal.file.pattern.FixedStepPathMatcher.matches([Ljava/lang/String;I)Z @ 35
Event: 7.606 Thread 0x0000000021c36000 Uncommon trap: reason=unstable_if action=reinterpret pc=0x0000000003e1f524 method=org.gradle.api.internal.file.pattern.FixedStepPathMatcher.matches([Ljava/lang/String;I)Z @ 35

Classes redefined (0 events):
No events

Internal exceptions (10 events):
Event: 5.936 Thread 0x0000000021c36000 Exception <a 'java/lang/NoSuchMethodError': <clinit>> (0x00000000d571a2e0) thrown at [D:\src\AOSP-openjdk-cygwin\jdk8u\hotspot\src\share\vm\prims\jni.cpp, line 1613]
Event: 5.948 Thread 0x0000000021c36000 Exception <a 'java/lang/NoSuchMethodError': <clinit>> (0x00000000d5ba45a0) thrown at [D:\src\AOSP-openjdk-cygwin\jdk8u\hotspot\src\share\vm\prims\jni.cpp, line 1613]
Event: 5.948 Thread 0x0000000021c36000 Exception <a 'java/lang/NoSuchMethodError': <clinit>> (0x00000000d5ce2640) thrown at [D:\src\AOSP-openjdk-cygwin\jdk8u\hotspot\src\share\vm\prims\jni.cpp, line 1613]
Event: 5.949 Thread 0x0000000021c36000 Exception <a 'java/lang/NoSuchMethodError': <clinit>> (0x00000000d5ce3f08) thrown at [D:\src\AOSP-openjdk-cygwin\jdk8u\hotspot\src\share\vm\prims\jni.cpp, line 1613]
Event: 6.033 Thread 0x0000000021c36000 Exception <a 'java/lang/NoSuchMethodError': <clinit>> (0x00000000d64c7f48) thrown at [D:\src\AOSP-openjdk-cygwin\jdk8u\hotspot\src\share\vm\prims\jni.cpp, line 1613]
Event: 6.772 Thread 0x0000000021c3d000 Exception <a 'java/lang/NoSuchMethodError': <clinit>> (0x00000000d7339978) thrown at [D:\src\AOSP-openjdk-cygwin\jdk8u\hotspot\src\share\vm\prims\jni.cpp, line 1613]
Event: 6.773 Thread 0x0000000021c3d000 Exception <a 'java/lang/NoSuchMethodError': <clinit>> (0x00000000d73436e0) thrown at [D:\src\AOSP-openjdk-cygwin\jdk8u\hotspot\src\share\vm\prims\jni.cpp, line 1613]
Event: 6.774 Thread 0x0000000021c3d000 Exception <a 'java/lang/NoSuchMethodError': <clinit>> (0x00000000d7493400) thrown at [D:\src\AOSP-openjdk-cygwin\jdk8u\hotspot\src\share\vm\prims\jni.cpp, line 1613]
Event: 6.775 Thread 0x0000000021c3d000 Exception <a 'java/lang/NoSuchMethodError': <clinit>> (0x00000000d749e3b8) thrown at [D:\src\AOSP-openjdk-cygwin\jdk8u\hotspot\src\share\vm\prims\jni.cpp, line 1613]
Event: 7.248 Thread 0x0000000021c40800 Exception <a 'java/lang/NoSuchMethodError': java.lang.Object.lambda$negate$1(Ljava/lang/Object;)Z> (0x00000000db7972b8) thrown at [D:\src\AOSP-openjdk-cygwin\jdk8u\hotspot\src\share\vm\interpreter\linkResolver.cpp, line 584]

Events (10 events):
Event: 7.540 Thread 0x0000000021c36000 Uncommon trap: trap_request=0xffffff65 fr.pc=0x00000000040c37b8
Event: 7.540 Thread 0x0000000021c36000 DEOPT PACKING pc=0x00000000040c37b8 sp=0x000000002607d610
Event: 7.540 Thread 0x0000000021c36000 DEOPT UNPACKING pc=0x000000000365557b sp=0x000000002607d568 mode 2
Event: 7.540 Executing VM operation: ForceSafepoint
Event: 7.540 Executing VM operation: ForceSafepoint done
Event: 7.602 Thread 0x0000000021c36000 DEOPT PACKING pc=0x00000000045d350f sp=0x000000002607d100
Event: 7.602 Thread 0x0000000021c36000 DEOPT UNPACKING pc=0x00000000036575d0 sp=0x000000002607ce70 mode 0
Event: 7.606 Thread 0x0000000021c36000 Uncommon trap: trap_request=0xffffff65 fr.pc=0x0000000003e1f524
Event: 7.606 Thread 0x0000000021c36000 DEOPT PACKING pc=0x0000000003e1f524 sp=0x000000002607cef0
Event: 7.606 Thread 0x0000000021c36000 DEOPT UNPACKING pc=0x000000000365557b sp=0x000000002607cea0 mode 2


Dynamic libraries:
0x00007ff679f30000 - 0x00007ff679f61000 	D:\android\android-studio\jre\bin\java.exe
0x00007ffc902d0000 - 0x00007ffc904b1000 	C:\WINDOWS\SYSTEM32\ntdll.dll
0x00007ffc8dab0000 - 0x00007ffc8db62000 	C:\WINDOWS\System32\KERNEL32.DLL
0x00007ffc8d000000 - 0x00007ffc8d273000 	C:\WINDOWS\System32\KERNELBASE.dll
0x00007ffc8f660000 - 0x00007ffc8f701000 	C:\WINDOWS\System32\ADVAPI32.dll
0x00007ffc8fbe0000 - 0x00007ffc8fc7e000 	C:\WINDOWS\System32\msvcrt.dll
0x00007ffc8d890000 - 0x00007ffc8d8eb000 	C:\WINDOWS\System32\sechost.dll
0x00007ffc8d760000 - 0x00007ffc8d884000 	C:\WINDOWS\System32\RPCRT4.dll
0x00007ffc8ffb0000 - 0x00007ffc90140000 	C:\WINDOWS\System32\USER32.dll
0x00007ffc8d380000 - 0x00007ffc8d3a0000 	C:\WINDOWS\System32\win32u.dll
0x00007ffc8f5d0000 - 0x00007ffc8f5f8000 	C:\WINDOWS\System32\GDI32.dll
0x00007ffc8c6a0000 - 0x00007ffc8c832000 	C:\WINDOWS\System32\gdi32full.dll
0x00007ffc8d280000 - 0x00007ffc8d31f000 	C:\WINDOWS\System32\msvcp_win.dll
0x00007ffc8d3a0000 - 0x00007ffc8d49a000 	C:\WINDOWS\System32\ucrtbase.dll
0x00007ffc7c540000 - 0x00007ffc7c7a9000 	C:\WINDOWS\WinSxS\amd64_microsoft.windows.common-controls_6595b64144ccf1df_6.0.17134.345_none_fb429a5930656358\COMCTL32.dll
0x00007ffc8f730000 - 0x00007ffc8fa53000 	C:\WINDOWS\System32\combase.dll
0x00007ffc8d4a0000 - 0x00007ffc8d51a000 	C:\WINDOWS\System32\bcryptPrimitives.dll
0x00007ffc8fd80000 - 0x00007ffc8fdad000 	C:\WINDOWS\System32\IMM32.DLL
0x000000006ebd0000 - 0x000000006eca2000 	D:\android\android-studio\jre\jre\bin\msvcr100.dll
0x000000006ef40000 - 0x000000006f781000 	D:\android\android-studio\jre\jre\bin\server\jvm.dll
0x00007ffc8d950000 - 0x00007ffc8d958000 	C:\WINDOWS\System32\PSAPI.DLL
0x00007ffc81dc0000 - 0x00007ffc81dca000 	C:\WINDOWS\SYSTEM32\VERSION.dll
0x00007ffc7cc80000 - 0x00007ffc7cc89000 	C:\WINDOWS\SYSTEM32\WSOCK32.dll
0x00007ffc8a750000 - 0x00007ffc8a773000 	C:\WINDOWS\SYSTEM32\WINMM.dll
0x00007ffc8da30000 - 0x00007ffc8da9c000 	C:\WINDOWS\System32\WS2_32.dll
0x00007ffc8a640000 - 0x00007ffc8a66a000 	C:\WINDOWS\SYSTEM32\winmmbase.dll
0x00007ffc8d710000 - 0x00007ffc8d759000 	C:\WINDOWS\System32\cfgmgr32.dll
0x00007ffc68310000 - 0x00007ffc6831f000 	D:\android\android-studio\jre\jre\bin\verify.dll
0x00007ffc01530000 - 0x00007ffc01559000 	D:\android\android-studio\jre\jre\bin\java.dll
0x00007ffc52b80000 - 0x00007ffc52b96000 	D:\android\android-studio\jre\jre\bin\zip.dll
0x00007ffc8dc20000 - 0x00007ffc8f05f000 	C:\WINDOWS\System32\SHELL32.dll
0x00007ffc8db70000 - 0x00007ffc8dc19000 	C:\WINDOWS\System32\shcore.dll
0x00007ffc8c840000 - 0x00007ffc8cf4d000 	C:\WINDOWS\System32\windows.storage.dll
0x00007ffc8fdb0000 - 0x00007ffc8fe01000 	C:\WINDOWS\System32\shlwapi.dll
0x00007ffc8c680000 - 0x00007ffc8c691000 	C:\WINDOWS\System32\kernel.appcore.dll
0x00007ffc8c5f0000 - 0x00007ffc8c60f000 	C:\WINDOWS\System32\profapi.dll
0x00007ffc8c630000 - 0x00007ffc8c67c000 	C:\WINDOWS\System32\powrprof.dll
0x00007ffc8c5e0000 - 0x00007ffc8c5ea000 	C:\WINDOWS\System32\FLTLIB.DLL
0x00007ffc02fe0000 - 0x00007ffc02ffa000 	D:\android\android-studio\jre\jre\bin\net.dll
0x00007ffc8be00000 - 0x00007ffc8be66000 	C:\WINDOWS\system32\mswsock.dll
0x00007ffc01510000 - 0x00007ffc01521000 	D:\android\android-studio\jre\jre\bin\nio.dll
0x00007ffc5b860000 - 0x00007ffc5b87e000 	C:\Users\Administrator\.gradle\native\25\windows-amd64\native-platform.dll
0x00007ffc67020000 - 0x00007ffc6702d000 	D:\android\android-studio\jre\jre\bin\management.dll
0x00007ffc8c010000 - 0x00007ffc8c027000 	C:\WINDOWS\SYSTEM32\CRYPTSP.dll
0x00007ffc8b9e0000 - 0x00007ffc8ba13000 	C:\WINDOWS\system32\rsaenh.dll
0x00007ffc8c140000 - 0x00007ffc8c165000 	C:\WINDOWS\SYSTEM32\bcrypt.dll
0x00007ffc8c510000 - 0x00007ffc8c538000 	C:\WINDOWS\SYSTEM32\USERENV.dll
0x00007ffc8c030000 - 0x00007ffc8c03b000 	C:\WINDOWS\SYSTEM32\CRYPTBASE.dll
0x00007ffc8bb80000 - 0x00007ffc8bbb8000 	C:\WINDOWS\SYSTEM32\IPHLPAPI.DLL
0x00007ffc8daa0000 - 0x00007ffc8daa8000 	C:\WINDOWS\System32\NSI.dll
0x00007ffc85250000 - 0x00007ffc85266000 	C:\WINDOWS\SYSTEM32\dhcpcsvc6.DLL
0x00007ffc834a0000 - 0x00007ffc834ba000 	C:\WINDOWS\SYSTEM32\dhcpcsvc.DLL

VM Arguments:
jvm_args: -Xmx2048m -Dfile.encoding=GBK -Duser.country=CN -Duser.language=zh -Duser.variant 
java_command: org.gradle.launcher.daemon.bootstrap.GradleDaemon 4.6
java_class_path (initial): C:\Users\Administrator\.gradle\wrapper\dists\gradle-4.6-all\bcst21l2brirad8k2ben1letg\gradle-4.6\lib\gradle-launcher-4.6.jar
Launcher Type: SUN_STANDARD

Environment Variables:
JAVA_HOME=D:\java\jdk1.8.0_131
CLASSPATH=.;D:\java\jdk1.8.0_131\lib\dt.jar;D:\java\jdk1.8.0_131\lib\tools.jar;
PATH=C:\ProgramData\Oracle\Java\javapath;C:\WINDOWS\system32;C:\WINDOWS;C:\WINDOWS\System32\Wbem;C:\WINDOWS\System32\WindowsPowerShell\v1.0\;D:\java\jdk1.8.0_131\bin;D:\java\jdk1.8.0_131\jre\bin;D:\mysql\mysql-5.7.22-winx64\bin;D:\Git\cmd;C:\WINDOWS\System32\OpenSSH\;D:\html\nodejs\;C:\Program Files\Common Files\Autodesk Shared\;C:\Program Files (x86)\Autodesk\Backburner\;C:\Users\Administrator\AppData\Local\Microsoft\WindowsApps;C:\Users\Administrator\AppData\Roaming\npm
USERNAME=Administrator
OS=Windows_NT
PROCESSOR_IDENTIFIER=Intel64 Family 6 Model 158 Stepping 10, GenuineIntel



---------------  S Y S T E M  ---------------

OS: Windows 10.0 , 64 bit Build 17134 (10.0.17134.1)

CPU:total 6 (initial active 6) (6 cores per cpu, 1 threads per core) family 6 model 158 stepping 10, cmov, cx8, fxsr, mmx, sse, sse2, sse3, ssse3, sse4.1, sse4.2, popcnt, avx, avx2, aes, clmul, erms, rtm, 3dnowpref, lzcnt, tsc, tscinvbit, bmi1, bmi2, adx

Memory: 4k page, physical 7813140k(511504k free), swap 12959308k(4372k free)

vm_info: OpenJDK 64-Bit Server VM (25.152-b06) for windows-amd64 JRE (1.8.0_152-release-1136-b06), built by "builder" with MS VC++ 10.0 (VS2010)

time: Wed Oct 24 17:10:54 2018
elapsed time: 7 seconds (0d 0h 0m 7s)

